<?xml version="1.0" encoding="UTF-8"?>
<robot generator="Robot 3.2.2 (Python 3.8.2 on win32)" generated="20201027 23:52:54.025" rpa="false">
<suite id="s1" name="TestSuite1" source="C:\Users\serpeol\eclipse-workspace\RobotProject1\Test\TestSuite1.robot">
<kw name="Log" library="BuiltIn" type="setup">
<doc>Logs the given message with the given level.</doc>
<arguments>
<arg>I am inside Test Suite Setup</arg>
</arguments>
<msg timestamp="20201027 23:52:54.310" level="INFO">I am inside Test Suite Setup</msg>
<status status="PASS" starttime="20201027 23:52:54.310" endtime="20201027 23:52:54.311"></status>
</kw>
<test id="s1-t1" name="MyFirstTest">
<kw name="Log" library="BuiltIn" type="setup">
<doc>Logs the given message with the given level.</doc>
<arguments>
<arg>I am inside Test Setup</arg>
</arguments>
<msg timestamp="20201027 23:52:54.311" level="INFO">I am inside Test Setup</msg>
<status status="PASS" starttime="20201027 23:52:54.311" endtime="20201027 23:52:54.311"></status>
</kw>
<kw name="Log" library="BuiltIn">
<doc>Logs the given message with the given level.</doc>
<arguments>
<arg>Hello World...</arg>
</arguments>
<msg timestamp="20201027 23:52:54.312" level="INFO">Hello World...</msg>
<status status="PASS" starttime="20201027 23:52:54.312" endtime="20201027 23:52:54.312"></status>
</kw>
<kw name="Log" library="BuiltIn" type="teardown">
<doc>Logs the given message with the given level.</doc>
<arguments>
<arg>I am insde Test Teardown</arg>
</arguments>
<msg timestamp="20201027 23:52:54.312" level="INFO">I am insde Test Teardown</msg>
<status status="PASS" starttime="20201027 23:52:54.312" endtime="20201027 23:52:54.312"></status>
</kw>
<tags>
<tag>sanity</tag>
</tags>
<status status="PASS" starttime="20201027 23:52:54.311" endtime="20201027 23:52:54.313" critical="yes"></status>
</test>
<test id="s1-t2" name="FirstSeleniumTest">
<kw name="Log" library="BuiltIn" type="setup">
<doc>Logs the given message with the given level.</doc>
<arguments>
<arg>I am inside Test Setup</arg>
</arguments>
<msg timestamp="20201027 23:52:54.314" level="INFO">I am inside Test Setup</msg>
<status status="PASS" starttime="20201027 23:52:54.314" endtime="20201027 23:52:54.314"></status>
</kw>
<kw name="Open Browser" library="SeleniumLibrary">
<doc>Opens a new browser instance to the optional ``url``.</doc>
<arguments>
<arg>https://google.com</arg>
<arg>chrome</arg>
</arguments>
<msg timestamp="20201027 23:52:54.315" level="INFO">Opening browser 'chrome' to base url 'https://google.com'.</msg>
<status status="PASS" starttime="20201027 23:52:54.315" endtime="20201027 23:52:58.002"></status>
</kw>
<kw name="Set Browser Implicit Wait" library="SeleniumLibrary">
<doc>Sets the implicit wait value used by Selenium.</doc>
<arguments>
<arg>5</arg>
</arguments>
<status status="PASS" starttime="20201027 23:52:58.002" endtime="20201027 23:52:58.003"></status>
</kw>
<kw name="Input Text" library="SeleniumLibrary">
<doc>Types the given ``text`` into the text field identified by ``locator``.</doc>
<arguments>
<arg>name=q</arg>
<arg>robot framework zoomba</arg>
</arguments>
<msg timestamp="20201027 23:52:58.004" level="INFO">Typing text 'robot framework zoomba' into text field 'name=q'.</msg>
<status status="PASS" starttime="20201027 23:52:58.003" endtime="20201027 23:52:58.138"></status>
</kw>
<kw name="Sleep" library="BuiltIn">
<doc>Pauses the test executed for the given time.</doc>
<arguments>
<arg>3</arg>
</arguments>
<msg timestamp="20201027 23:53:01.141" level="INFO">Slept 3 seconds</msg>
<status status="PASS" starttime="20201027 23:52:58.139" endtime="20201027 23:53:01.141"></status>
</kw>
<kw name="Press Keys" library="SeleniumLibrary">
<doc>Simulates the user pressing key(s) to an element or on the active browser.</doc>
<arguments>
<arg>name=q</arg>
<arg>ENTER</arg>
</arguments>
<msg timestamp="20201027 23:53:01.142" level="INFO">Sending key(s) ('ENTER',) to name=q element.</msg>
<msg timestamp="20201027 23:53:01.422" level="INFO">Pressing special key ENTER to element.</msg>
<msg timestamp="20201027 23:53:01.422" level="INFO">Releasing special key ENTER.</msg>
<status status="PASS" starttime="20201027 23:53:01.142" endtime="20201027 23:53:02.498"></status>
</kw>
<kw name="Sleep" library="BuiltIn">
<doc>Pauses the test executed for the given time.</doc>
<arguments>
<arg>2</arg>
</arguments>
<msg timestamp="20201027 23:53:04.501" level="INFO">Slept 2 seconds</msg>
<status status="PASS" starttime="20201027 23:53:02.498" endtime="20201027 23:53:04.501"></status>
</kw>
<kw name="Close Browser" library="SeleniumLibrary">
<doc>Closes the current browser.</doc>
<status status="PASS" starttime="20201027 23:53:04.502" endtime="20201027 23:53:07.617"></status>
</kw>
<kw name="Log" library="BuiltIn">
<doc>Logs the given message with the given level.</doc>
<arguments>
<arg>Test completed</arg>
</arguments>
<msg timestamp="20201027 23:53:07.618" level="INFO">Test completed</msg>
<status status="PASS" starttime="20201027 23:53:07.618" endtime="20201027 23:53:07.618"></status>
</kw>
<kw name="Log" library="BuiltIn" type="teardown">
<doc>Logs the given message with the given level.</doc>
<arguments>
<arg>I am insde Test Teardown</arg>
</arguments>
<msg timestamp="20201027 23:53:07.619" level="INFO">I am insde Test Teardown</msg>
<status status="PASS" starttime="20201027 23:53:07.619" endtime="20201027 23:53:07.619"></status>
</kw>
<tags>
<tag>sanity</tag>
</tags>
<status status="PASS" starttime="20201027 23:52:54.314" endtime="20201027 23:53:07.619" critical="yes"></status>
</test>
<test id="s1-t3" name="SampleLoginTest">
<kw name="Log" library="BuiltIn" type="setup">
<doc>Logs the given message with the given level.</doc>
<arguments>
<arg>I am inside Test Setup</arg>
</arguments>
<msg timestamp="20201027 23:53:07.621" level="INFO">I am inside Test Setup</msg>
<status status="PASS" starttime="20201027 23:53:07.620" endtime="20201027 23:53:07.621"></status>
</kw>
<kw name="Open Browser" library="SeleniumLibrary">
<doc>Opens a new browser instance to the optional ``url``.</doc>
<arguments>
<arg>${URL}</arg>
<arg>chrome</arg>
</arguments>
<msg timestamp="20201027 23:53:07.621" level="INFO">Opening browser 'chrome' to base url 'https://opensource-demo.orangehrmlive.com/'.</msg>
<status status="PASS" starttime="20201027 23:53:07.621" endtime="20201027 23:53:11.408"></status>
</kw>
<kw name="Set Browser Implicit Wait" library="SeleniumLibrary">
<doc>Sets the implicit wait value used by Selenium.</doc>
<arguments>
<arg>5</arg>
</arguments>
<status status="PASS" starttime="20201027 23:53:11.409" endtime="20201027 23:53:11.411"></status>
</kw>
<kw name="LoginKW">
<kw name="Input Text" library="SeleniumLibrary">
<doc>Types the given ``text`` into the text field identified by ``locator``.</doc>
<arguments>
<arg>id=txtUsername</arg>
<arg>${CREDENTIALS}[0]</arg>
</arguments>
<msg timestamp="20201027 23:53:11.412" level="INFO">Typing text 'Admin' into text field 'id=txtUsername'.</msg>
<status status="PASS" starttime="20201027 23:53:11.412" endtime="20201027 23:53:11.499"></status>
</kw>
<kw name="Input Password" library="SeleniumLibrary">
<doc>Types the given password into the text field identified by ``locator``.</doc>
<arguments>
<arg>id=txtPassword</arg>
<arg>${LOGINDATA}[password]</arg>
</arguments>
<msg timestamp="20201027 23:53:11.500" level="INFO">Typing password into text field 'id=txtPassword'.</msg>
<msg timestamp="20201027 23:53:11.541" level="INFO">Temporally setting log level to: NONE</msg>
<msg timestamp="20201027 23:53:11.584" level="INFO">Log level changed from NONE to INFO.</msg>
<status status="PASS" starttime="20201027 23:53:11.499" endtime="20201027 23:53:11.584"></status>
</kw>
<kw name="Click Button" library="SeleniumLibrary">
<doc>Clicks the button identified by ``locator``.</doc>
<arguments>
<arg>id=btnLogin</arg>
</arguments>
<msg timestamp="20201027 23:53:11.584" level="INFO">Clicking button 'id=btnLogin'.</msg>
<status status="PASS" starttime="20201027 23:53:11.584" endtime="20201027 23:53:12.847"></status>
</kw>
<status status="PASS" starttime="20201027 23:53:11.412" endtime="20201027 23:53:12.848"></status>
</kw>
<kw name="Click Element" library="SeleniumLibrary">
<doc>Click the element identified by ``locator``.</doc>
<arguments>
<arg>id=welcome</arg>
</arguments>
<msg timestamp="20201027 23:53:12.849" level="INFO">Clicking element 'id=welcome'.</msg>
<status status="PASS" starttime="20201027 23:53:12.848" endtime="20201027 23:53:13.280"></status>
</kw>
<kw name="Sleep" library="BuiltIn">
<doc>Pauses the test executed for the given time.</doc>
<arguments>
<arg>5</arg>
</arguments>
<msg timestamp="20201027 23:53:18.282" level="INFO">Slept 5 seconds</msg>
<status status="PASS" starttime="20201027 23:53:13.280" endtime="20201027 23:53:18.282"></status>
</kw>
<kw name="Click Element" library="SeleniumLibrary">
<doc>Click the element identified by ``locator``.</doc>
<arguments>
<arg>link=Logout</arg>
</arguments>
<msg timestamp="20201027 23:53:18.282" level="INFO">Clicking element 'link=Logout'.</msg>
<status status="PASS" starttime="20201027 23:53:18.282" endtime="20201027 23:53:18.703"></status>
</kw>
<kw name="Close Browser" library="SeleniumLibrary">
<doc>Closes the current browser.</doc>
<status status="PASS" starttime="20201027 23:53:18.704" endtime="20201027 23:53:21.084"></status>
</kw>
<kw name="Log" library="BuiltIn">
<doc>Logs the given message with the given level.</doc>
<arguments>
<arg>Test completed</arg>
</arguments>
<msg timestamp="20201027 23:53:21.086" level="INFO">Test completed</msg>
<status status="PASS" starttime="20201027 23:53:21.085" endtime="20201027 23:53:21.086"></status>
</kw>
<kw name="Log" library="BuiltIn" type="teardown">
<doc>Logs the given message with the given level.</doc>
<arguments>
<arg>I am insde Test Teardown</arg>
</arguments>
<msg timestamp="20201027 23:53:21.088" level="INFO">I am insde Test Teardown</msg>
<status status="PASS" starttime="20201027 23:53:21.087" endtime="20201027 23:53:21.088"></status>
</kw>
<doc>This is a sample login test</doc>
<tags>
<tag>sanity</tag>
</tags>
<status status="PASS" starttime="20201027 23:53:07.620" endtime="20201027 23:53:21.088" critical="yes"></status>
</test>
<kw name="Log" library="BuiltIn" type="teardown">
<doc>Logs the given message with the given level.</doc>
<arguments>
<arg>I am inside Test Suite Teardown</arg>
</arguments>
<msg timestamp="20201027 23:53:21.092" level="INFO">I am inside Test Suite Teardown</msg>
<status status="PASS" starttime="20201027 23:53:21.092" endtime="20201027 23:53:21.092"></status>
</kw>
<status status="PASS" starttime="20201027 23:52:54.030" endtime="20201027 23:53:21.092"></status>
</suite>
<statistics>
<total>
<stat pass="3" fail="0">Critical Tests</stat>
<stat pass="3" fail="0">All Tests</stat>
</total>
<tag>
<stat pass="3" fail="0">sanity</stat>
</tag>
<suite>
<stat pass="3" fail="0" id="s1" name="TestSuite1">TestSuite1</stat>
</suite>
</statistics>
<errors>
</errors>
</robot>
